<?xml version="1.0" encoding="UTF-8"?>
<!-- Generated by org.testng.reporters.JUnitReportReporter -->
<testsuite hostname="nn-PC" name="webdriver.tests.WebdriverHandleTest" tests="1" failures="0" timestamp="15 Jan 2020 05:43:54 GMT" time="47.417" errors="0">
  <testcase name="test" time="47.417" classname="webdriver.tests.WebdriverHandleTest"/>
</testsuite> <!-- webdriver.tests.WebdriverHandleTest -->
